<?xml version="1.0" encoding="UTF-8"?>
<!-- Generated by org.testng.reporters.JUnitXMLReporter -->
<testsuite hostname="mybbd05a3e" ignored="0" name="/Users/stripathi/IdeaProjects/AndroidScanner/src/test/java/testCases/QrScannerTestCases.java" tests="1" failures="0" timestamp="2020-12-20T23:56:03 MYT" time="39.985" errors="0">
  <testcase name="performAppgallery" time="10.539" classname="testCases.QrScannerTestCases"/>
</testsuite> <!-- /Users/stripathi/IdeaProjects/AndroidScanner/src/test/java/testCases/QrScannerTestCases.java -->
